Model: 7,188,477 parameters, device: cuda
Traceback (most recent call last):
  File "/home/sbfroy/projects/uia/RLChineseCheckers/train.py", line 222, in <module>
    main()
  File "/home/sbfroy/projects/uia/RLChineseCheckers/train.py", line 173, in main
    trainer = Trainer(
  File "/home/sbfroy/projects/uia/RLChineseCheckers/training/trainer.py", line 87, in __init__
    self.model.to(self.config.device)
  File "/home/sbfroy/.local/lib/python3.10/site-packages/torch/nn/modules/module.py", line 1369, in to
    return self._apply(convert)
  File "/home/sbfroy/.local/lib/python3.10/site-packages/torch/nn/modules/module.py", line 928, in _apply
    module._apply(fn)
  File "/home/sbfroy/.local/lib/python3.10/site-packages/torch/nn/modules/module.py", line 928, in _apply
    module._apply(fn)
  File "/home/sbfroy/.local/lib/python3.10/site-packages/torch/nn/modules/module.py", line 955, in _apply
    param_applied = fn(param)
  File "/home/sbfroy/.local/lib/python3.10/site-packages/torch/nn/modules/module.py", line 1355, in convert
    return t.to(
  File "/home/sbfroy/.local/lib/python3.10/site-packages/torch/cuda/__init__.py", line 412, in _lazy_init
    torch._C._cuda_init()
RuntimeError: Found no NVIDIA driver on your system. Please check that you have an NVIDIA GPU and installed a driver from http://www.nvidia.com/Download/index.aspx
