Auto-detected CUDA GPU: Tesla V100-SXM3-32GB
Model: 7,188,477 parameters, device: cuda
Resumed from iteration 10
  WARNING: Unknown opponent 'self', using self-play
Starting training: 20 iterations
  Run: run_20260421_070417 -> checkpoints/run_20260421_070417
  Self-play: 40 games/iter, 2 players
  Training: batch=128, epochs=5
  MCTS: enabled (100 sims)
  Logs: logs/run_20260421_070417

Iter    1 | buf= 12000 | sp=3945.4s | train=1.0s | p_loss=0.6550 | v_loss=2.8711 | lr=2.99e-05 | new_exp=12000
Iter    2 | buf= 24000 | sp=3931.8s | train=0.2s | p_loss=0.6245 | v_loss=2.8065 | lr=2.95e-05 | new_exp=12000
Iter    3 | buf= 36000 | sp=3874.4s | train=0.2s | p_loss=0.6617 | v_loss=2.8211 | lr=2.89e-05 | new_exp=12000
Iter    4 | buf= 48000 | sp=3837.2s | train=0.2s | p_loss=0.7055 | v_loss=2.7146 | lr=2.81e-05 | new_exp=12000
Iter    5 | buf= 60000 | sp=3856.8s | train=0.2s | p_loss=0.6639 | v_loss=2.6965 | lr=2.71e-05 | new_exp=12000
  EVAL: {'random': {'win_rate': 0.0, 'avg_score': 972.6, 'avg_game_length': 300.0, 'avg_game_time': 9.52, 'wins': 0, 'losses': 0, 'draws': 5, 'num_games': 5}, 'greedy': {'win_rate': 0.0, 'avg_score': 1098.0, 'avg_game_length': 300.0, 'avg_game_time': 9.21, 'wins': 0, 'losses': 0, 'draws': 5, 'num_games': 5}, 'heuristic': {'win_rate': 0.0, 'avg_score': 472.0, 'avg_game_length': 300.0, 'avg_game_time': 9.75, 'wins': 0, 'losses': 0, 'draws': 5, 'num_games': 5}, 'avg_score': 847.5}
  Checkpoint saved: checkpoints/run_20260421_070417/model_best.pt
  NEW BEST model (score=847.5)
  Checkpoint saved: checkpoints/run_20260421_070417/model_iter_00005.pt
Iter    6 | buf= 72000 | sp=3936.8s | train=0.2s | p_loss=0.6519 | v_loss=2.7163 | lr=2.59e-05 | new_exp=12000
Iter    7 | buf= 84000 | sp=3847.2s | train=0.2s | p_loss=0.5879 | v_loss=2.6832 | lr=2.45e-05 | new_exp=12000
Iter    8 | buf= 96000 | sp=3880.4s | train=0.2s | p_loss=0.6729 | v_loss=2.5915 | lr=2.31e-05 | new_exp=12000
Iter    9 | buf=108000 | sp=3868.3s | train=0.2s | p_loss=0.6447 | v_loss=2.6103 | lr=2.16e-05 | new_exp=12000
Iter   10 | buf=120000 | sp=3867.4s | train=0.2s | p_loss=0.5907 | v_loss=2.5725 | lr=2.00e-05 | new_exp=12000
  EVAL: {'random': {'win_rate': 0.0, 'avg_score': 929.8, 'avg_game_length': 300.0, 'avg_game_time': 9.99, 'wins': 0, 'losses': 0, 'draws': 5, 'num_games': 5}, 'greedy': {'win_rate': 0.0, 'avg_score': 1098.0, 'avg_game_length': 300.0, 'avg_game_time': 9.63, 'wins': 0, 'losses': 0, 'draws': 5, 'num_games': 5}, 'heuristic': {'win_rate': 0.0, 'avg_score': 451.8, 'avg_game_length': 300.0, 'avg_game_time': 10.05, 'wins': 0, 'losses': 0, 'draws': 5, 'num_games': 5}, 'avg_score': 826.5}
  Checkpoint saved: checkpoints/run_20260421_070417/model_iter_00010.pt
Iter   11 | buf=132000 | sp=4023.8s | train=0.2s | p_loss=0.6299 | v_loss=2.5263 | lr=1.84e-05 | new_exp=12000
Iter   12 | buf=144000 | sp=4027.3s | train=0.2s | p_loss=0.5972 | v_loss=2.5132 | lr=1.69e-05 | new_exp=12000
Iter   13 | buf=156000 | sp=3941.9s | train=0.2s | p_loss=0.6382 | v_loss=2.4775 | lr=1.55e-05 | new_exp=12000
Iter   14 | buf=168000 | sp=3855.1s | train=0.2s | p_loss=0.6346 | v_loss=2.4421 | lr=1.41e-05 | new_exp=12000
Iter   15 | buf=180000 | sp=3869.8s | train=0.2s | p_loss=0.6006 | v_loss=2.3824 | lr=1.29e-05 | new_exp=12000
  EVAL: {'random': {'win_rate': 0.0, 'avg_score': 912.4, 'avg_game_length': 300.0, 'avg_game_time': 9.54, 'wins': 0, 'losses': 0, 'draws': 5, 'num_games': 5}, 'greedy': {'win_rate': 0.0, 'avg_score': 1098.0, 'avg_game_length': 300.0, 'avg_game_time': 9.2, 'wins': 0, 'losses': 0, 'draws': 5, 'num_games': 5}, 'heuristic': {'win_rate': 0.0, 'avg_score': 510.8, 'avg_game_length': 300.0, 'avg_game_time': 9.95, 'wins': 0, 'losses': 0, 'draws': 5, 'num_games': 5}, 'avg_score': 840.4}
  Checkpoint saved: checkpoints/run_20260421_070417/model_iter_00015.pt
Iter   16 | buf=192000 | sp=3857.5s | train=0.2s | p_loss=0.5967 | v_loss=2.3633 | lr=1.19e-05 | new_exp=12000
Iter   17 | buf=200000 | sp=3856.7s | train=0.2s | p_loss=0.5964 | v_loss=2.3307 | lr=1.11e-05 | new_exp=12000
Iter   18 | buf=200000 | sp=3869.6s | train=0.2s | p_loss=0.5664 | v_loss=2.3012 | lr=1.05e-05 | new_exp=12000
Iter   19 | buf=200000 | sp=3873.6s | train=0.3s | p_loss=0.5997 | v_loss=2.3090 | lr=1.01e-05 | new_exp=12000
Iter   20 | buf=200000 | sp=3861.9s | train=0.2s | p_loss=0.6028 | v_loss=2.2703 | lr=1.00e-05 | new_exp=12000
  EVAL: {'random': {'win_rate': 0.0, 'avg_score': 892.4, 'avg_game_length': 300.0, 'avg_game_time': 9.62, 'wins': 0, 'losses': 0, 'draws': 5, 'num_games': 5}, 'greedy': {'win_rate': 0.0, 'avg_score': 1098.0, 'avg_game_length': 300.0, 'avg_game_time': 9.3, 'wins': 0, 'losses': 0, 'draws': 5, 'num_games': 5}, 'heuristic': {'win_rate': 0.0, 'avg_score': 428.6, 'avg_game_length': 300.0, 'avg_game_time': 10.31, 'wins': 0, 'losses': 0, 'draws': 5, 'num_games': 5}, 'avg_score': 806.3}
  Checkpoint saved: checkpoints/run_20260421_070417/model_iter_00020.pt
  Checkpoint saved: checkpoints/run_20260421_070417/model_final.pt

=== Final Evaluation ===

vs random:
  Game 1: winner=draw, moves=300, time=23.3s, a_score=887, b_score=238
  Game 2: winner=draw, moves=300, time=22.9s, a_score=1095, b_score=240
  Game 3: winner=draw, moves=300, time=23.1s, a_score=1098, b_score=231
  Game 4: winner=draw, moves=300, time=24.1s, a_score=996, b_score=238
  Game 5: winner=draw, moves=300, time=22.3s, a_score=997, b_score=223
  Game 6: winner=draw, moves=300, time=22.9s, a_score=995, b_score=229
  Game 7: winner=draw, moves=300, time=24.6s, a_score=890, b_score=235
  Game 8: winner=draw, moves=300, time=22.9s, a_score=982, b_score=230
  Game 9: winner=draw, moves=300, time=23.2s, a_score=676, b_score=235
  Game 10: winner=draw, moves=300, time=24.4s, a_score=689, b_score=244
  Win rate: 0% (0W / 0L / 10D)
  Avg score: agent=931, baseline=234
  Avg game length: 300 moves

vs greedy:
  Game 1: winner=draw, moves=300, time=22.6s, a_score=1098, b_score=1098
  Game 2: winner=draw, moves=300, time=22.4s, a_score=1098, b_score=1098
  Game 3: winner=draw, moves=300, time=23.4s, a_score=1098, b_score=1098
  Game 4: winner=draw, moves=300, time=23.3s, a_score=1098, b_score=1098
  Game 5: winner=draw, moves=300, time=22.3s, a_score=1098, b_score=1098
  Game 6: winner=draw, moves=300, time=22.4s, a_score=1098, b_score=1098
  Game 7: winner=draw, moves=300, time=22.5s, a_score=1098, b_score=1098
  Game 8: winner=draw, moves=300, time=23.5s, a_score=1098, b_score=1098
  Game 9: winner=draw, moves=300, time=22.3s, a_score=1098, b_score=1098
  Game 10: winner=draw, moves=300, time=22.6s, a_score=1098, b_score=1098
  Win rate: 0% (0W / 0L / 10D)
  Avg score: agent=1098, baseline=1098
  Avg game length: 300 moves

vs heuristic:
  Game 1: winner=draw, moves=300, time=25.0s, a_score=468, b_score=1098
  Game 2: winner=draw, moves=300, time=23.5s, a_score=578, b_score=1098
  Game 3: winner=draw, moves=300, time=24.5s, a_score=367, b_score=1098
  Game 4: winner=draw, moves=300, time=25.0s, a_score=468, b_score=1098
  Game 5: winner=draw, moves=300, time=24.1s, a_score=468, b_score=1098
  Game 6: winner=draw, moves=300, time=24.8s, a_score=468, b_score=1098
  Game 7: winner=draw, moves=300, time=24.1s, a_score=468, b_score=1098
  Game 8: winner=draw, moves=300, time=24.1s, a_score=577, b_score=1098
  Game 9: winner=draw, moves=300, time=24.7s, a_score=786, b_score=1097
  Game 10: winner=draw, moves=300, time=23.8s, a_score=682, b_score=1098
  Win rate: 0% (0W / 0L / 10D)
  Avg score: agent=533, baseline=1098
  Avg game length: 300 moves
