Auto-detected CUDA GPU: Tesla V100-SXM3-32GB
Model: 7,188,477 parameters, device: cuda
Starting training: 150 iterations
  Run: run_20260413_184930 -> checkpoints/run_20260413_184930
  Self-play: 25 games/iter, 2 players
  Training: batch=128, epochs=5
  MCTS: enabled (50 sims)
  Logs: logs/run_20260413_184930

Iter    1 | buf=  7500 | sp=1125.5s | train=1.0s | p_loss=3.9766 | v_loss=0.1331 | lr=1.00e-03 | new_exp=7500
Iter    2 | buf= 15000 | sp=1136.5s | train=0.2s | p_loss=3.9187 | v_loss=0.0503 | lr=1.00e-03 | new_exp=7500
Iter    3 | buf= 22500 | sp=1134.4s | train=0.2s | p_loss=3.8958 | v_loss=0.0390 | lr=9.99e-04 | new_exp=7500
Iter    4 | buf= 30000 | sp=1137.4s | train=0.2s | p_loss=3.9004 | v_loss=0.0311 | lr=9.98e-04 | new_exp=7500
Iter    5 | buf= 37500 | sp=1191.8s | train=0.2s | p_loss=3.9123 | v_loss=0.0299 | lr=9.97e-04 | new_exp=7500
Iter    6 | buf= 45000 | sp=1175.0s | train=0.2s | p_loss=3.9148 | v_loss=0.0268 | lr=9.96e-04 | new_exp=7500
Iter    7 | buf= 52500 | sp=1162.1s | train=0.2s | p_loss=3.9174 | v_loss=0.0282 | lr=9.95e-04 | new_exp=7500
Iter    8 | buf= 60000 | sp=1113.2s | train=0.2s | p_loss=3.9086 | v_loss=0.0269 | lr=9.93e-04 | new_exp=7500
Iter    9 | buf= 67500 | sp=1080.8s | train=0.2s | p_loss=3.9078 | v_loss=0.0282 | lr=9.91e-04 | new_exp=7500
Iter   10 | buf= 75000 | sp=1088.1s | train=0.2s | p_loss=3.8929 | v_loss=0.0238 | lr=9.89e-04 | new_exp=7500
  Checkpoint saved: checkpoints/run_20260413_184930/model_iter_00010.pt
Iter   11 | buf= 82500 | sp=1138.5s | train=0.2s | p_loss=3.8964 | v_loss=0.0241 | lr=9.87e-04 | new_exp=7500
Iter   12 | buf= 90000 | sp=1148.1s | train=0.2s | p_loss=3.8970 | v_loss=0.0195 | lr=9.84e-04 | new_exp=7500
Iter   13 | buf= 97500 | sp=1179.4s | train=0.2s | p_loss=3.8992 | v_loss=0.0186 | lr=9.82e-04 | new_exp=7500
Iter   14 | buf=105000 | sp=1144.7s | train=0.2s | p_loss=3.9124 | v_loss=0.0179 | lr=9.79e-04 | new_exp=7500
Iter   15 | buf=112500 | sp=1145.0s | train=0.2s | p_loss=3.9065 | v_loss=0.0203 | lr=9.76e-04 | new_exp=7500
Iter   16 | buf=120000 | sp=1156.0s | train=0.2s | p_loss=3.8933 | v_loss=0.0153 | lr=9.72e-04 | new_exp=7500
Iter   17 | buf=127500 | sp=1189.6s | train=0.2s | p_loss=3.9140 | v_loss=0.0142 | lr=9.69e-04 | new_exp=7500
Iter   18 | buf=135000 | sp=1146.8s | train=0.2s | p_loss=3.8947 | v_loss=0.0126 | lr=9.65e-04 | new_exp=7500
Iter   19 | buf=142500 | sp=1136.4s | train=0.2s | p_loss=3.8964 | v_loss=0.0126 | lr=9.61e-04 | new_exp=7500
Iter   20 | buf=150000 | sp=1105.9s | train=0.2s | p_loss=3.8935 | v_loss=0.0140 | lr=9.57e-04 | new_exp=7500
  EVAL: {'random': {'win_rate': 0.0, 'avg_score': 217.8, 'avg_game_length': 300.0, 'avg_game_time': 9.13, 'wins': 0, 'losses': 0, 'draws': 20, 'num_games': 20}, 'greedy': {'win_rate': 0.0, 'avg_score': 204.0, 'avg_game_length': 300.0, 'avg_game_time': 8.57, 'wins': 0, 'losses': 0, 'draws': 20, 'num_games': 20}, 'heuristic': {'win_rate': 0.0, 'avg_score': 198.0, 'avg_game_length': 300.0, 'avg_game_time': 8.81, 'wins': 0, 'losses': 0, 'draws': 20, 'num_games': 20}, 'avg_score': 206.6}
  Checkpoint saved: checkpoints/run_20260413_184930/model_best.pt
  NEW BEST model (score=206.6)
  Checkpoint saved: checkpoints/run_20260413_184930/model_iter_00020.pt
Iter   21 | buf=157500 | sp=1090.5s | train=0.2s | p_loss=3.9023 | v_loss=0.0115 | lr=9.53e-04 | new_exp=7500
Iter   22 | buf=165000 | sp=1092.3s | train=0.2s | p_loss=3.9010 | v_loss=0.0102 | lr=9.48e-04 | new_exp=7500
Iter   23 | buf=172500 | sp=1128.0s | train=0.2s | p_loss=3.9069 | v_loss=0.0106 | lr=9.44e-04 | new_exp=7500
Iter   24 | buf=180000 | sp=1090.0s | train=0.2s | p_loss=3.8916 | v_loss=0.0125 | lr=9.39e-04 | new_exp=7500
Iter   25 | buf=187500 | sp=1101.1s | train=0.2s | p_loss=3.9054 | v_loss=0.0099 | lr=9.34e-04 | new_exp=7500
Iter   26 | buf=195000 | sp=1107.8s | train=0.2s | p_loss=3.9105 | v_loss=0.0114 | lr=9.28e-04 | new_exp=7500
Iter   27 | buf=200000 | sp=1109.8s | train=0.2s | p_loss=3.9032 | v_loss=0.0094 | lr=9.23e-04 | new_exp=7500
Iter   28 | buf=200000 | sp=1092.0s | train=0.2s | p_loss=3.8866 | v_loss=0.0097 | lr=9.17e-04 | new_exp=7500
Iter   29 | buf=200000 | sp=1096.3s | train=0.2s | p_loss=3.8985 | v_loss=0.0107 | lr=9.11e-04 | new_exp=7500
Iter   30 | buf=200000 | sp=1098.0s | train=0.2s | p_loss=3.8955 | v_loss=0.0100 | lr=9.05e-04 | new_exp=7500
  Checkpoint saved: checkpoints/run_20260413_184930/model_iter_00030.pt
Iter   31 | buf=200000 | sp=1103.1s | train=0.2s | p_loss=3.8984 | v_loss=0.0113 | lr=8.99e-04 | new_exp=7500
Iter   32 | buf=200000 | sp=1100.2s | train=0.3s | p_loss=3.8986 | v_loss=0.0124 | lr=8.93e-04 | new_exp=7500
Iter   33 | buf=200000 | sp=1095.6s | train=0.2s | p_loss=3.8933 | v_loss=0.0101 | lr=8.86e-04 | new_exp=7500
Iter   34 | buf=200000 | sp=1091.7s | train=0.2s | p_loss=3.9006 | v_loss=0.0116 | lr=8.80e-04 | new_exp=7500
Iter   35 | buf=200000 | sp=1128.0s | train=0.2s | p_loss=3.9054 | v_loss=0.0135 | lr=8.73e-04 | new_exp=7500
Iter   36 | buf=200000 | sp=1098.3s | train=0.2s | p_loss=3.8818 | v_loss=0.0108 | lr=8.66e-04 | new_exp=7500
Iter   37 | buf=200000 | sp=1095.5s | train=0.2s | p_loss=3.8645 | v_loss=0.0124 | lr=8.59e-04 | new_exp=7500
Iter   38 | buf=200000 | sp=1087.2s | train=0.2s | p_loss=3.8838 | v_loss=0.0089 | lr=8.51e-04 | new_exp=7500
Iter   39 | buf=200000 | sp=1217.3s | train=0.2s | p_loss=3.8882 | v_loss=0.0108 | lr=8.44e-04 | new_exp=7500
Iter   40 | buf=200000 | sp=1106.1s | train=0.2s | p_loss=3.8736 | v_loss=0.0103 | lr=8.36e-04 | new_exp=7500
  EVAL: {'random': {'win_rate': 0.0, 'avg_score': 206.5, 'avg_game_length': 300.0, 'avg_game_time': 8.99, 'wins': 0, 'losses': 0, 'draws': 20, 'num_games': 20}, 'greedy': {'win_rate': 0.0, 'avg_score': 204.0, 'avg_game_length': 300.0, 'avg_game_time': 8.69, 'wins': 0, 'losses': 0, 'draws': 20, 'num_games': 20}, 'heuristic': {'win_rate': 0.0, 'avg_score': 199.0, 'avg_game_length': 300.0, 'avg_game_time': 8.94, 'wins': 0, 'losses': 0, 'draws': 20, 'num_games': 20}, 'avg_score': 203.2}
  Checkpoint saved: checkpoints/run_20260413_184930/model_iter_00040.pt
Iter   41 | buf=200000 | sp=1108.0s | train=0.2s | p_loss=3.8795 | v_loss=0.0103 | lr=8.28e-04 | new_exp=7500
Iter   42 | buf=200000 | sp=1106.1s | train=0.2s | p_loss=3.8828 | v_loss=0.0097 | lr=8.21e-04 | new_exp=7500
Iter   43 | buf=200000 | sp=1109.0s | train=0.2s | p_loss=3.8751 | v_loss=0.0088 | lr=8.12e-04 | new_exp=7500
Iter   44 | buf=200000 | sp=1090.4s | train=0.2s | p_loss=3.8724 | v_loss=0.0096 | lr=8.04e-04 | new_exp=7500
Iter   45 | buf=200000 | sp=1093.7s | train=0.2s | p_loss=3.8915 | v_loss=0.0090 | lr=7.96e-04 | new_exp=7500
Iter   46 | buf=200000 | sp=1107.4s | train=0.2s | p_loss=3.8647 | v_loss=0.0083 | lr=7.88e-04 | new_exp=7500
Iter   47 | buf=200000 | sp=1088.9s | train=0.2s | p_loss=3.8691 | v_loss=0.0087 | lr=7.79e-04 | new_exp=7500
Iter   48 | buf=200000 | sp=1099.4s | train=0.2s | p_loss=3.8646 | v_loss=0.0075 | lr=7.70e-04 | new_exp=7500
Iter   49 | buf=200000 | sp=1124.7s | train=0.2s | p_loss=3.8792 | v_loss=0.0075 | lr=7.61e-04 | new_exp=7500
Iter   50 | buf=200000 | sp=1127.2s | train=0.2s | p_loss=3.8635 | v_loss=0.0091 | lr=7.52e-04 | new_exp=7500
  Checkpoint saved: checkpoints/run_20260413_184930/model_iter_00050.pt
Iter   51 | buf=200000 | sp=1143.1s | train=0.3s | p_loss=3.8615 | v_loss=0.0094 | lr=7.43e-04 | new_exp=7500
Iter   52 | buf=200000 | sp=1155.6s | train=0.3s | p_loss=3.8418 | v_loss=0.0086 | lr=7.34e-04 | new_exp=7500
Iter   53 | buf=200000 | sp=1173.6s | train=0.2s | p_loss=3.8487 | v_loss=0.0094 | lr=7.25e-04 | new_exp=7500
Iter   54 | buf=200000 | sp=1148.0s | train=0.2s | p_loss=3.8519 | v_loss=0.0095 | lr=7.16e-04 | new_exp=7500
Iter   55 | buf=200000 | sp=1119.4s | train=0.2s | p_loss=3.8471 | v_loss=0.0091 | lr=7.06e-04 | new_exp=7500
Iter   56 | buf=200000 | sp=1116.9s | train=0.2s | p_loss=3.8221 | v_loss=0.0090 | lr=6.97e-04 | new_exp=7500
Iter   57 | buf=200000 | sp=1151.6s | train=0.2s | p_loss=3.8393 | v_loss=0.0076 | lr=6.87e-04 | new_exp=7500
Iter   58 | buf=200000 | sp=1124.1s | train=0.2s | p_loss=3.8396 | v_loss=0.0087 | lr=6.78e-04 | new_exp=7500
Iter   59 | buf=200000 | sp=1133.1s | train=0.2s | p_loss=3.8265 | v_loss=0.0067 | lr=6.68e-04 | new_exp=7500
Iter   60 | buf=200000 | sp=1166.4s | train=0.3s | p_loss=3.8293 | v_loss=0.0075 | lr=6.58e-04 | new_exp=7500
  EVAL: {'random': {'win_rate': 0.0, 'avg_score': 222.8, 'avg_game_length': 300.0, 'avg_game_time': 9.59, 'wins': 0, 'losses': 0, 'draws': 20, 'num_games': 20}, 'greedy': {'win_rate': 0.0, 'avg_score': 205.0, 'avg_game_length': 300.0, 'avg_game_time': 9.06, 'wins': 0, 'losses': 0, 'draws': 20, 'num_games': 20}, 'heuristic': {'win_rate': 0.0, 'avg_score': 202.0, 'avg_game_length': 300.0, 'avg_game_time': 9.19, 'wins': 0, 'losses': 0, 'draws': 20, 'num_games': 20}, 'avg_score': 209.9}
  Checkpoint saved: checkpoints/run_20260413_184930/model_best.pt
  NEW BEST model (score=209.9)
  Checkpoint saved: checkpoints/run_20260413_184930/model_iter_00060.pt
Iter   61 | buf=200000 | sp=1181.8s | train=0.3s | p_loss=3.8294 | v_loss=0.0071 | lr=6.48e-04 | new_exp=7500
Iter   62 | buf=200000 | sp=1187.8s | train=0.2s | p_loss=3.7871 | v_loss=0.0087 | lr=6.38e-04 | new_exp=7500
Iter   63 | buf=200000 | sp=1158.8s | train=0.3s | p_loss=3.8208 | v_loss=0.0073 | lr=6.28e-04 | new_exp=7500
Iter   64 | buf=200000 | sp=1192.2s | train=0.2s | p_loss=3.8169 | v_loss=0.0076 | lr=6.18e-04 | new_exp=7500
Iter   65 | buf=200000 | sp=1124.6s | train=0.2s | p_loss=3.8029 | v_loss=0.0087 | lr=6.08e-04 | new_exp=7500
Iter   66 | buf=200000 | sp=1135.0s | train=0.2s | p_loss=3.7999 | v_loss=0.0067 | lr=5.98e-04 | new_exp=7500
Iter   67 | buf=200000 | sp=1139.6s | train=0.2s | p_loss=3.8029 | v_loss=0.0066 | lr=5.88e-04 | new_exp=7500
Iter   68 | buf=200000 | sp=1127.9s | train=0.2s | p_loss=3.8034 | v_loss=0.0076 | lr=5.77e-04 | new_exp=7500
Iter   69 | buf=200000 | sp=1087.6s | train=0.2s | p_loss=3.7822 | v_loss=0.0068 | lr=5.67e-04 | new_exp=7500
Iter   70 | buf=200000 | sp=1146.6s | train=0.2s | p_loss=3.7875 | v_loss=0.0078 | lr=5.57e-04 | new_exp=7500
  Checkpoint saved: checkpoints/run_20260413_184930/model_iter_00070.pt
Iter   71 | buf=200000 | sp=1130.8s | train=0.3s | p_loss=3.7922 | v_loss=0.0061 | lr=5.46e-04 | new_exp=7500
Iter   72 | buf=200000 | sp=1131.8s | train=0.2s | p_loss=3.7649 | v_loss=0.0063 | lr=5.36e-04 | new_exp=7500
Iter   73 | buf=200000 | sp=1139.8s | train=0.2s | p_loss=3.7509 | v_loss=0.0064 | lr=5.26e-04 | new_exp=7500
Iter   74 | buf=200000 | sp=1129.9s | train=0.2s | p_loss=3.7502 | v_loss=0.0061 | lr=5.15e-04 | new_exp=7500
Iter   75 | buf=200000 | sp=1138.7s | train=0.2s | p_loss=3.7536 | v_loss=0.0064 | lr=5.05e-04 | new_exp=7500
Iter   76 | buf=200000 | sp=1140.3s | train=0.3s | p_loss=3.7509 | v_loss=0.0053 | lr=4.95e-04 | new_exp=7500
Iter   77 | buf=200000 | sp=1153.8s | train=0.2s | p_loss=3.7478 | v_loss=0.0057 | lr=4.84e-04 | new_exp=7500
Iter   78 | buf=200000 | sp=1093.2s | train=0.2s | p_loss=3.7440 | v_loss=0.0051 | lr=4.74e-04 | new_exp=7500
Iter   79 | buf=200000 | sp=1094.4s | train=0.2s | p_loss=3.7328 | v_loss=0.0055 | lr=4.64e-04 | new_exp=7500
Iter   80 | buf=200000 | sp=1090.0s | train=0.2s | p_loss=3.7453 | v_loss=0.0059 | lr=4.53e-04 | new_exp=7500
  EVAL: {'random': {'win_rate': 0.0, 'avg_score': 207.0, 'avg_game_length': 300.0, 'avg_game_time': 8.93, 'wins': 0, 'losses': 0, 'draws': 20, 'num_games': 20}, 'greedy': {'win_rate': 0.0, 'avg_score': 196.0, 'avg_game_length': 300.0, 'avg_game_time': 8.86, 'wins': 0, 'losses': 0, 'draws': 20, 'num_games': 20}, 'heuristic': {'win_rate': 0.0, 'avg_score': 196.0, 'avg_game_length': 300.0, 'avg_game_time': 8.98, 'wins': 0, 'losses': 0, 'draws': 20, 'num_games': 20}, 'avg_score': 199.7}
  Checkpoint saved: checkpoints/run_20260413_184930/model_iter_00080.pt
Iter   81 | buf=200000 | sp=1093.7s | train=0.2s | p_loss=3.7302 | v_loss=0.0062 | lr=4.43e-04 | new_exp=7500
Iter   82 | buf=200000 | sp=1094.7s | train=0.2s | p_loss=3.7329 | v_loss=0.0055 | lr=4.33e-04 | new_exp=7500
Iter   83 | buf=200000 | sp=1096.8s | train=0.2s | p_loss=3.7332 | v_loss=0.0053 | lr=4.22e-04 | new_exp=7500
Iter   84 | buf=200000 | sp=1100.5s | train=0.2s | p_loss=3.7166 | v_loss=0.0053 | lr=4.12e-04 | new_exp=7500
Iter   85 | buf=200000 | sp=1110.2s | train=0.2s | p_loss=3.7277 | v_loss=0.0049 | lr=4.02e-04 | new_exp=7500
Iter   86 | buf=200000 | sp=1086.6s | train=0.2s | p_loss=3.7067 | v_loss=0.0052 | lr=3.92e-04 | new_exp=7500
Iter   87 | buf=200000 | sp=1175.7s | train=0.3s | p_loss=3.6970 | v_loss=0.0048 | lr=3.82e-04 | new_exp=7500
Iter   88 | buf=200000 | sp=1091.3s | train=0.2s | p_loss=3.7139 | v_loss=0.0045 | lr=3.72e-04 | new_exp=7500
Iter   89 | buf=200000 | sp=1105.7s | train=0.3s | p_loss=3.7193 | v_loss=0.0058 | lr=3.62e-04 | new_exp=7500
Iter   90 | buf=200000 | sp=1235.6s | train=0.2s | p_loss=3.7119 | v_loss=0.0058 | lr=3.52e-04 | new_exp=7500
  Checkpoint saved: checkpoints/run_20260413_184930/model_iter_00090.pt
Iter   91 | buf=200000 | sp=1105.1s | train=0.2s | p_loss=3.6951 | v_loss=0.0057 | lr=3.42e-04 | new_exp=7500
Iter   92 | buf=200000 | sp=1100.5s | train=0.2s | p_loss=3.7006 | v_loss=0.0041 | lr=3.32e-04 | new_exp=7500
Iter   93 | buf=200000 | sp=1095.0s | train=0.2s | p_loss=3.6918 | v_loss=0.0048 | lr=3.23e-04 | new_exp=7500
Iter   94 | buf=200000 | sp=1183.1s | train=0.3s | p_loss=3.6692 | v_loss=0.0048 | lr=3.13e-04 | new_exp=7500
Iter   95 | buf=200000 | sp=1113.1s | train=0.2s | p_loss=3.6932 | v_loss=0.0054 | lr=3.04e-04 | new_exp=7500
Iter   96 | buf=200000 | sp=1089.2s | train=0.2s | p_loss=3.6670 | v_loss=0.0047 | lr=2.94e-04 | new_exp=7500
Iter   97 | buf=200000 | sp=1126.0s | train=0.2s | p_loss=3.6733 | v_loss=0.0046 | lr=2.85e-04 | new_exp=7500
Iter   98 | buf=200000 | sp=1097.5s | train=0.2s | p_loss=3.6877 | v_loss=0.0040 | lr=2.76e-04 | new_exp=7500
Iter   99 | buf=200000 | sp=1087.4s | train=0.2s | p_loss=3.6790 | v_loss=0.0051 | lr=2.67e-04 | new_exp=7500
Iter  100 | buf=200000 | sp=1088.1s | train=0.2s | p_loss=3.6772 | v_loss=0.0042 | lr=2.57e-04 | new_exp=7500
  EVAL: {'random': {'win_rate': 0.0, 'avg_score': 201.5, 'avg_game_length': 300.0, 'avg_game_time': 9.12, 'wins': 0, 'losses': 0, 'draws': 20, 'num_games': 20}, 'greedy': {'win_rate': 0.0, 'avg_score': 196.0, 'avg_game_length': 300.0, 'avg_game_time': 8.82, 'wins': 0, 'losses': 0, 'draws': 20, 'num_games': 20}, 'heuristic': {'win_rate': 0.0, 'avg_score': 196.0, 'avg_game_length': 300.0, 'avg_game_time': 8.86, 'wins': 0, 'losses': 0, 'draws': 20, 'num_games': 20}, 'avg_score': 197.8}
  Checkpoint saved: checkpoints/run_20260413_184930/model_iter_00100.pt
Iter  101 | buf=200000 | sp=1096.3s | train=0.3s | p_loss=3.6870 | v_loss=0.0044 | lr=2.49e-04 | new_exp=7500
Iter  102 | buf=200000 | sp=1097.1s | train=0.2s | p_loss=3.6943 | v_loss=0.0059 | lr=2.40e-04 | new_exp=7500
Iter  103 | buf=200000 | sp=1110.5s | train=0.3s | p_loss=3.6603 | v_loss=0.0047 | lr=2.31e-04 | new_exp=7500
Iter  104 | buf=200000 | sp=1080.9s | train=0.2s | p_loss=3.6695 | v_loss=0.0047 | lr=2.22e-04 | new_exp=7500
Iter  105 | buf=200000 | sp=1091.7s | train=0.2s | p_loss=3.6713 | v_loss=0.0042 | lr=2.14e-04 | new_exp=7500
Iter  106 | buf=200000 | sp=1093.7s | train=0.2s | p_loss=3.6703 | v_loss=0.0043 | lr=2.06e-04 | new_exp=7500
Iter  107 | buf=200000 | sp=1081.1s | train=0.2s | p_loss=3.6678 | v_loss=0.0043 | lr=1.98e-04 | new_exp=7500
Iter  108 | buf=200000 | sp=1092.1s | train=0.3s | p_loss=3.6747 | v_loss=0.0049 | lr=1.89e-04 | new_exp=7500
Iter  109 | buf=200000 | sp=1090.6s | train=0.2s | p_loss=3.6556 | v_loss=0.0039 | lr=1.82e-04 | new_exp=7500
Iter  110 | buf=200000 | sp=1100.5s | train=0.2s | p_loss=3.6374 | v_loss=0.0047 | lr=1.74e-04 | new_exp=7500
  Checkpoint saved: checkpoints/run_20260413_184930/model_iter_00110.pt
Iter  111 | buf=200000 | sp=1094.2s | train=0.2s | p_loss=3.6710 | v_loss=0.0048 | lr=1.66e-04 | new_exp=7500
Iter  112 | buf=200000 | sp=1097.1s | train=0.3s | p_loss=3.6337 | v_loss=0.0041 | lr=1.59e-04 | new_exp=7500
Iter  113 | buf=200000 | sp=1136.0s | train=0.2s | p_loss=3.6611 | v_loss=0.0046 | lr=1.51e-04 | new_exp=7500
Iter  114 | buf=200000 | sp=1131.4s | train=0.2s | p_loss=3.6344 | v_loss=0.0043 | lr=1.44e-04 | new_exp=7500
Iter  115 | buf=200000 | sp=1090.0s | train=0.3s | p_loss=3.6665 | v_loss=0.0038 | lr=1.37e-04 | new_exp=7500
Iter  116 | buf=200000 | sp=1119.5s | train=0.2s | p_loss=3.6471 | v_loss=0.0040 | lr=1.30e-04 | new_exp=7500
Iter  117 | buf=200000 | sp=1123.8s | train=0.3s | p_loss=3.6407 | v_loss=0.0042 | lr=1.24e-04 | new_exp=7500
Iter  118 | buf=200000 | sp=1129.6s | train=0.2s | p_loss=3.6349 | v_loss=0.0045 | lr=1.17e-04 | new_exp=7500
Iter  119 | buf=200000 | sp=1159.8s | train=0.3s | p_loss=3.6539 | v_loss=0.0044 | lr=1.11e-04 | new_exp=7500
Iter  120 | buf=200000 | sp=1114.7s | train=0.3s | p_loss=3.6252 | v_loss=0.0035 | lr=1.05e-04 | new_exp=7500
  EVAL: {'random': {'win_rate': 0.0, 'avg_score': 213.8, 'avg_game_length': 300.0, 'avg_game_time': 9.44, 'wins': 0, 'losses': 0, 'draws': 20, 'num_games': 20}, 'greedy': {'win_rate': 0.0, 'avg_score': 197.0, 'avg_game_length': 300.0, 'avg_game_time': 9.12, 'wins': 0, 'losses': 0, 'draws': 20, 'num_games': 20}, 'heuristic': {'win_rate': 0.0, 'avg_score': 196.0, 'avg_game_length': 300.0, 'avg_game_time': 9.37, 'wins': 0, 'losses': 0, 'draws': 20, 'num_games': 20}, 'avg_score': 202.3}
  Checkpoint saved: checkpoints/run_20260413_184930/model_iter_00120.pt
Iter  121 | buf=200000 | sp=1132.7s | train=0.3s | p_loss=3.6507 | v_loss=0.0040 | lr=9.85e-05 | new_exp=7500
Iter  122 | buf=200000 | sp=1119.3s | train=0.2s | p_loss=3.6142 | v_loss=0.0039 | lr=9.27e-05 | new_exp=7500
Iter  123 | buf=200000 | sp=1125.2s | train=0.2s | p_loss=3.6380 | v_loss=0.0036 | lr=8.71e-05 | new_exp=7500
Iter  124 | buf=200000 | sp=1145.7s | train=0.3s | p_loss=3.6198 | v_loss=0.0042 | lr=8.16e-05 | new_exp=7500
Iter  125 | buf=200000 | sp=1126.9s | train=0.3s | p_loss=3.6345 | v_loss=0.0033 | lr=7.63e-05 | new_exp=7500
Iter  126 | buf=200000 | sp=1129.8s | train=0.3s | p_loss=3.6270 | v_loss=0.0039 | lr=7.12e-05 | new_exp=7500
Iter  127 | buf=200000 | sp=1130.5s | train=0.3s | p_loss=3.6220 | v_loss=0.0036 | lr=6.63e-05 | new_exp=7500
Iter  128 | buf=200000 | sp=1132.6s | train=0.2s | p_loss=3.6227 | v_loss=0.0043 | lr=6.16e-05 | new_exp=7500
Iter  129 | buf=200000 | sp=1128.8s | train=0.2s | p_loss=3.6334 | v_loss=0.0034 | lr=5.71e-05 | new_exp=7500
Iter  130 | buf=200000 | sp=1121.0s | train=0.2s | p_loss=3.6120 | v_loss=0.0048 | lr=5.28e-05 | new_exp=7500
  Checkpoint saved: checkpoints/run_20260413_184930/model_iter_00130.pt
Iter  131 | buf=200000 | sp=1123.6s | train=0.3s | p_loss=3.6139 | v_loss=0.0037 | lr=4.87e-05 | new_exp=7500
Iter  132 | buf=200000 | sp=1162.7s | train=0.2s | p_loss=3.6234 | v_loss=0.0039 | lr=4.48e-05 | new_exp=7500
Iter  133 | buf=200000 | sp=1134.9s | train=0.2s | p_loss=3.6331 | v_loss=0.0035 | lr=4.10e-05 | new_exp=7500
Iter  134 | buf=200000 | sp=1120.6s | train=0.3s | p_loss=3.6243 | v_loss=0.0043 | lr=3.75e-05 | new_exp=7500
Iter  135 | buf=200000 | sp=1117.6s | train=0.3s | p_loss=3.6336 | v_loss=0.0042 | lr=3.42e-05 | new_exp=7500
Iter  136 | buf=200000 | sp=1133.6s | train=0.3s | p_loss=3.6006 | v_loss=0.0038 | lr=3.11e-05 | new_exp=7500
Iter  137 | buf=200000 | sp=1120.6s | train=0.2s | p_loss=3.5969 | v_loss=0.0040 | lr=2.82e-05 | new_exp=7500
Iter  138 | buf=200000 | sp=1137.4s | train=0.2s | p_loss=3.6195 | v_loss=0.0037 | lr=2.56e-05 | new_exp=7500
Iter  139 | buf=200000 | sp=1113.8s | train=0.3s | p_loss=3.6240 | v_loss=0.0036 | lr=2.31e-05 | new_exp=7500
Iter  140 | buf=200000 | sp=1111.6s | train=0.2s | p_loss=3.5740 | v_loss=0.0035 | lr=2.08e-05 | new_exp=7500
  EVAL: {'random': {'win_rate': 0.0, 'avg_score': 209.2, 'avg_game_length': 300.0, 'avg_game_time': 9.31, 'wins': 0, 'losses': 0, 'draws': 20, 'num_games': 20}, 'greedy': {'win_rate': 0.0, 'avg_score': 197.0, 'avg_game_length': 300.0, 'avg_game_time': 9.17, 'wins': 0, 'losses': 0, 'draws': 20, 'num_games': 20}, 'heuristic': {'win_rate': 0.0, 'avg_score': 196.0, 'avg_game_length': 300.0, 'avg_game_time': 9.26, 'wins': 0, 'losses': 0, 'draws': 20, 'num_games': 20}, 'avg_score': 200.7}
  Checkpoint saved: checkpoints/run_20260413_184930/model_iter_00140.pt
Iter  141 | buf=200000 | sp=1104.4s | train=0.3s | p_loss=3.5984 | v_loss=0.0040 | lr=1.88e-05 | new_exp=7500
Iter  142 | buf=200000 | sp=1112.3s | train=0.2s | p_loss=3.6125 | v_loss=0.0040 | lr=1.69e-05 | new_exp=7500
Iter  143 | buf=200000 | sp=1116.2s | train=0.2s | p_loss=3.5974 | v_loss=0.0042 | lr=1.53e-05 | new_exp=7500
Iter  144 | buf=200000 | sp=1151.7s | train=0.3s | p_loss=3.6177 | v_loss=0.0043 | lr=1.39e-05 | new_exp=7500
Iter  145 | buf=200000 | sp=1135.1s | train=0.3s | p_loss=3.6103 | v_loss=0.0042 | lr=1.27e-05 | new_exp=7500
Iter  146 | buf=200000 | sp=1149.2s | train=0.3s | p_loss=3.6067 | v_loss=0.0041 | lr=1.17e-05 | new_exp=7500
Iter  147 | buf=200000 | sp=1117.8s | train=0.2s | p_loss=3.5973 | v_loss=0.0034 | lr=1.10e-05 | new_exp=7500
Iter  148 | buf=200000 | sp=1126.7s | train=0.2s | p_loss=3.6157 | v_loss=0.0037 | lr=1.04e-05 | new_exp=7500
Iter  149 | buf=200000 | sp=1115.7s | train=0.2s | p_loss=3.6123 | v_loss=0.0036 | lr=1.01e-05 | new_exp=7500
Iter  150 | buf=200000 | sp=1122.9s | train=0.2s | p_loss=3.6015 | v_loss=0.0038 | lr=1.00e-05 | new_exp=7500
  Checkpoint saved: checkpoints/run_20260413_184930/model_iter_00150.pt
  Checkpoint saved: checkpoints/run_20260413_184930/model_final.pt

=== Final Evaluation ===

vs random:
  Game 1: winner=draw, moves=300, time=22.9s, a_score=205, b_score=344
  Game 2: winner=draw, moves=300, time=23.1s, a_score=200, b_score=216
  Game 3: winner=draw, moves=300, time=23.1s, a_score=198, b_score=224
  Game 4: winner=draw, moves=300, time=22.1s, a_score=198, b_score=222
  Game 5: winner=draw, moves=300, time=22.5s, a_score=204, b_score=328
  Game 6: winner=draw, moves=300, time=23.0s, a_score=307, b_score=229
  Game 7: winner=draw, moves=300, time=22.4s, a_score=203, b_score=231
  Game 8: winner=draw, moves=300, time=22.7s, a_score=306, b_score=234
  Game 9: winner=draw, moves=300, time=23.2s, a_score=198, b_score=223
  Game 10: winner=draw, moves=300, time=21.9s, a_score=210, b_score=232
  Win rate: 0% (0W / 0L / 10D)
  Avg score: agent=223, baseline=248
  Avg game length: 300 moves

vs greedy:
  Game 1: winner=draw, moves=300, time=21.7s, a_score=213, b_score=794
  Game 2: winner=draw, moves=300, time=23.2s, a_score=213, b_score=794
  Game 3: winner=draw, moves=300, time=22.6s, a_score=213, b_score=794
  Game 4: winner=draw, moves=300, time=22.2s, a_score=213, b_score=794
  Game 5: winner=draw, moves=300, time=22.0s, a_score=213, b_score=794
  Game 6: winner=draw, moves=300, time=21.9s, a_score=213, b_score=794
  Game 7: winner=draw, moves=300, time=22.8s, a_score=213, b_score=794
  Game 8: winner=draw, moves=300, time=21.7s, a_score=213, b_score=794
  Game 9: winner=draw, moves=300, time=22.4s, a_score=213, b_score=794
  Game 10: winner=draw, moves=300, time=22.2s, a_score=213, b_score=794
  Win rate: 0% (0W / 0L / 10D)
  Avg score: agent=213, baseline=794
  Avg game length: 300 moves

vs heuristic:
  Game 1: winner=draw, moves=300, time=23.5s, a_score=200, b_score=587
  Game 2: winner=draw, moves=300, time=22.4s, a_score=200, b_score=587
  Game 3: winner=draw, moves=300, time=22.9s, a_score=200, b_score=587
  Game 4: winner=draw, moves=300, time=23.3s, a_score=200, b_score=587
  Game 5: winner=draw, moves=300, time=23.4s, a_score=200, b_score=587
  Game 6: winner=draw, moves=300, time=23.0s, a_score=200, b_score=587
  Game 7: winner=draw, moves=300, time=23.0s, a_score=200, b_score=587
  Game 8: winner=draw, moves=300, time=22.7s, a_score=200, b_score=587
  Game 9: winner=draw, moves=300, time=22.5s, a_score=200, b_score=587
  Game 10: winner=draw, moves=300, time=23.7s, a_score=200, b_score=587
  Win rate: 0% (0W / 0L / 10D)
  Avg score: agent=200, baseline=587
  Avg game length: 300 moves
