Auto-detected CUDA GPU: Tesla V100-SXM3-32GB
Model: 7,188,477 parameters, device: cuda
Resumed from iteration 30
  Opponent: heuristic (HeuristicAgent)
Starting training: 30 iterations
  Run: run_20260418_101611 -> checkpoints/run_20260418_101611
  Self-play: 40 games/iter, 2 players
  Training: batch=128, epochs=5
  MCTS: enabled (100 sims)
  Logs: logs/run_20260418_101611

Iter    1 | buf=  6000 | sp=1938.3s | train=0.6s | p_loss=0.8454 | v_loss=2.6760 | lr=2.99e-04 | new_exp=6000
Iter    2 | buf= 12000 | sp=1940.0s | train=0.2s | p_loss=0.6466 | v_loss=2.4823 | lr=2.97e-04 | new_exp=6000
Iter    3 | buf= 18000 | sp=1925.6s | train=0.2s | p_loss=0.5174 | v_loss=2.2204 | lr=2.93e-04 | new_exp=6000
Iter    4 | buf= 24000 | sp=1948.3s | train=0.2s | p_loss=0.5518 | v_loss=1.7812 | lr=2.87e-04 | new_exp=6000
Iter    5 | buf= 30000 | sp=2003.0s | train=0.2s | p_loss=0.5788 | v_loss=1.1806 | lr=2.81e-04 | new_exp=6000
  EVAL: {'random': {'win_rate': 0.0, 'avg_score': 952.4, 'avg_game_length': 300.0, 'avg_game_time': 10.27, 'wins': 0, 'losses': 0, 'draws': 5, 'num_games': 5}, 'greedy': {'win_rate': 0.0, 'avg_score': 1098.0, 'avg_game_length': 300.0, 'avg_game_time': 10.89, 'wins': 0, 'losses': 0, 'draws': 5, 'num_games': 5}, 'heuristic': {'win_rate': 0.0, 'avg_score': 540.4, 'avg_game_length': 300.0, 'avg_game_time': 10.49, 'wins': 0, 'losses': 0, 'draws': 5, 'num_games': 5}, 'avg_score': 863.6}
  Checkpoint saved: checkpoints/run_20260418_101611/model_best.pt
  NEW BEST model (score=863.6)
  Checkpoint saved: checkpoints/run_20260418_101611/model_iter_00005.pt
Iter    6 | buf= 36000 | sp=2467.1s | train=0.2s | p_loss=0.5569 | v_loss=0.7116 | lr=2.72e-04 | new_exp=6000
Iter    7 | buf= 42000 | sp=1898.1s | train=0.2s | p_loss=0.9845 | v_loss=0.4070 | lr=2.63e-04 | new_exp=6000
Iter    8 | buf= 48000 | sp=1923.9s | train=0.2s | p_loss=1.1561 | v_loss=0.2119 | lr=2.52e-04 | new_exp=6000
Iter    9 | buf= 54000 | sp=1815.1s | train=0.2s | p_loss=1.2643 | v_loss=0.1434 | lr=2.40e-04 | new_exp=6000
Iter   10 | buf= 60000 | sp=1801.8s | train=0.2s | p_loss=1.3408 | v_loss=0.1433 | lr=2.27e-04 | new_exp=6000
  EVAL: {'random': {'win_rate': 0.0, 'avg_score': 229.0, 'avg_game_length': 300.0, 'avg_game_time': 9.23, 'wins': 0, 'losses': 0, 'draws': 5, 'num_games': 5}, 'greedy': {'win_rate': 0.0, 'avg_score': 303.6, 'avg_game_length': 300.0, 'avg_game_time': 9.05, 'wins': 0, 'losses': 0, 'draws': 5, 'num_games': 5}, 'heuristic': {'win_rate': 0.0, 'avg_score': 367.2, 'avg_game_length': 300.0, 'avg_game_time': 9.04, 'wins': 0, 'losses': 0, 'draws': 5, 'num_games': 5}, 'avg_score': 299.9}
  Checkpoint saved: checkpoints/run_20260418_101611/model_iter_00010.pt
Iter   11 | buf= 66000 | sp=1804.2s | train=0.2s | p_loss=1.3640 | v_loss=0.1174 | lr=2.14e-04 | new_exp=6000
Iter   12 | buf= 72000 | sp=2031.5s | train=0.2s | p_loss=1.6288 | v_loss=0.0784 | lr=2.00e-04 | new_exp=6000
Iter   13 | buf= 78000 | sp=1790.1s | train=0.2s | p_loss=1.6592 | v_loss=0.0786 | lr=1.85e-04 | new_exp=6000
Iter   14 | buf= 84000 | sp=1803.2s | train=0.2s | p_loss=1.6977 | v_loss=0.0787 | lr=1.70e-04 | new_exp=6000
Iter   15 | buf= 90000 | sp=1791.3s | train=0.2s | p_loss=1.7730 | v_loss=0.0569 | lr=1.55e-04 | new_exp=6000
  EVAL: {'random': {'win_rate': 0.0, 'avg_score': 502.6, 'avg_game_length': 300.0, 'avg_game_time': 9.18, 'wins': 0, 'losses': 0, 'draws': 5, 'num_games': 5}, 'greedy': {'win_rate': 0.0, 'avg_score': 305.8, 'avg_game_length': 300.0, 'avg_game_time': 8.95, 'wins': 0, 'losses': 0, 'draws': 5, 'num_games': 5}, 'heuristic': {'win_rate': 0.0, 'avg_score': 440.8, 'avg_game_length': 300.0, 'avg_game_time': 9.12, 'wins': 0, 'losses': 0, 'draws': 5, 'num_games': 5}, 'avg_score': 416.4}
  Checkpoint saved: checkpoints/run_20260418_101611/model_iter_00015.pt
Iter   16 | buf= 96000 | sp=1796.5s | train=0.2s | p_loss=1.7687 | v_loss=0.0773 | lr=1.40e-04 | new_exp=6000
Iter   17 | buf=102000 | sp=1810.6s | train=0.2s | p_loss=1.7867 | v_loss=0.0797 | lr=1.25e-04 | new_exp=6000
Iter   18 | buf=108000 | sp=1806.4s | train=0.2s | p_loss=1.9653 | v_loss=0.0634 | lr=1.10e-04 | new_exp=6000
Iter   19 | buf=114000 | sp=1809.8s | train=0.2s | p_loss=1.9702 | v_loss=0.0493 | lr=9.60e-05 | new_exp=6000
Iter   20 | buf=120000 | sp=1798.1s | train=0.2s | p_loss=1.9280 | v_loss=0.0487 | lr=8.25e-05 | new_exp=6000
  EVAL: {'random': {'win_rate': 0.0, 'avg_score': 477.0, 'avg_game_length': 300.0, 'avg_game_time': 9.1, 'wins': 0, 'losses': 0, 'draws': 5, 'num_games': 5}, 'greedy': {'win_rate': 0.0, 'avg_score': 245.6, 'avg_game_length': 300.0, 'avg_game_time': 8.91, 'wins': 0, 'losses': 0, 'draws': 5, 'num_games': 5}, 'heuristic': {'win_rate': 0.0, 'avg_score': 432.0, 'avg_game_length': 300.0, 'avg_game_time': 9.24, 'wins': 0, 'losses': 0, 'draws': 5, 'num_games': 5}, 'avg_score': 384.9}
  Checkpoint saved: checkpoints/run_20260418_101611/model_iter_00020.pt
Iter   21 | buf=126000 | sp=1789.8s | train=0.2s | p_loss=1.8894 | v_loss=0.0649 | lr=6.98e-05 | new_exp=6000
Iter   22 | buf=132000 | sp=1800.4s | train=0.2s | p_loss=2.0871 | v_loss=0.0511 | lr=5.80e-05 | new_exp=6000
Iter   23 | buf=138000 | sp=1807.7s | train=0.2s | p_loss=2.0358 | v_loss=0.0456 | lr=4.72e-05 | new_exp=6000
Iter   24 | buf=144000 | sp=1789.7s | train=0.2s | p_loss=1.9647 | v_loss=0.0632 | lr=3.77e-05 | new_exp=6000
Iter   25 | buf=150000 | sp=1780.4s | train=0.2s | p_loss=2.0494 | v_loss=0.0608 | lr=2.94e-05 | new_exp=6000
  EVAL: {'random': {'win_rate': 0.0, 'avg_score': 441.2, 'avg_game_length': 300.0, 'avg_game_time': 9.33, 'wins': 0, 'losses': 0, 'draws': 5, 'num_games': 5}, 'greedy': {'win_rate': 0.0, 'avg_score': 217.6, 'avg_game_length': 300.0, 'avg_game_time': 8.92, 'wins': 0, 'losses': 0, 'draws': 5, 'num_games': 5}, 'heuristic': {'win_rate': 0.0, 'avg_score': 381.4, 'avg_game_length': 300.0, 'avg_game_time': 9.18, 'wins': 0, 'losses': 0, 'draws': 5, 'num_games': 5}, 'avg_score': 346.7}
  Checkpoint saved: checkpoints/run_20260418_101611/model_iter_00025.pt
Iter   26 | buf=156000 | sp=1780.5s | train=0.2s | p_loss=2.0972 | v_loss=0.0632 | lr=2.25e-05 | new_exp=6000
Iter   27 | buf=162000 | sp=1785.7s | train=0.2s | p_loss=2.2059 | v_loss=0.0436 | lr=1.71e-05 | new_exp=6000
Iter   28 | buf=168000 | sp=1814.0s | train=0.2s | p_loss=2.0664 | v_loss=0.0404 | lr=1.32e-05 | new_exp=6000
Iter   29 | buf=174000 | sp=1822.8s | train=0.2s | p_loss=2.1300 | v_loss=0.0375 | lr=1.08e-05 | new_exp=6000
Iter   30 | buf=180000 | sp=1811.3s | train=0.2s | p_loss=2.1602 | v_loss=0.0371 | lr=1.00e-05 | new_exp=6000
  EVAL: {'random': {'win_rate': 0.0, 'avg_score': 441.2, 'avg_game_length': 300.0, 'avg_game_time': 9.53, 'wins': 0, 'losses': 0, 'draws': 5, 'num_games': 5}, 'greedy': {'win_rate': 0.0, 'avg_score': 213.2, 'avg_game_length': 300.0, 'avg_game_time': 8.93, 'wins': 0, 'losses': 0, 'draws': 5, 'num_games': 5}, 'heuristic': {'win_rate': 0.0, 'avg_score': 447.4, 'avg_game_length': 300.0, 'avg_game_time': 9.24, 'wins': 0, 'losses': 0, 'draws': 5, 'num_games': 5}, 'avg_score': 367.3}
  Checkpoint saved: checkpoints/run_20260418_101611/model_iter_00030.pt
  Checkpoint saved: checkpoints/run_20260418_101611/model_final.pt

=== Final Evaluation ===

vs random:
  Game 1: winner=draw, moves=300, time=22.8s, a_score=452, b_score=237
  Game 2: winner=draw, moves=300, time=22.9s, a_score=439, b_score=226
  Game 3: winner=draw, moves=300, time=22.5s, a_score=996, b_score=250
  Game 4: winner=draw, moves=300, time=23.1s, a_score=200, b_score=219
  Game 5: winner=draw, moves=300, time=23.4s, a_score=664, b_score=254
  Game 6: winner=draw, moves=300, time=22.8s, a_score=431, b_score=228
  Game 7: winner=draw, moves=300, time=21.6s, a_score=306, b_score=225
  Game 8: winner=draw, moves=300, time=21.9s, a_score=453, b_score=235
  Game 9: winner=draw, moves=300, time=22.9s, a_score=205, b_score=224
  Game 10: winner=draw, moves=300, time=22.6s, a_score=894, b_score=231
  Win rate: 0% (0W / 0L / 10D)
  Avg score: agent=504, baseline=233
  Avg game length: 300 moves

vs greedy:
  Game 1: winner=draw, moves=300, time=23.5s, a_score=209, b_score=589
  Game 2: winner=draw, moves=300, time=21.6s, a_score=215, b_score=896
  Game 3: winner=draw, moves=300, time=22.1s, a_score=200, b_score=587
  Game 4: winner=draw, moves=300, time=21.5s, a_score=316, b_score=792
  Game 5: winner=draw, moves=300, time=21.5s, a_score=205, b_score=795
  Game 6: winner=draw, moves=300, time=22.1s, a_score=219, b_score=997
  Game 7: winner=draw, moves=300, time=21.4s, a_score=222, b_score=895
  Game 8: winner=draw, moves=300, time=21.8s, a_score=452, b_score=1098
  Game 9: winner=draw, moves=300, time=22.0s, a_score=206, b_score=588
  Game 10: winner=draw, moves=300, time=22.3s, a_score=206, b_score=794
  Win rate: 0% (0W / 0L / 10D)
  Avg score: agent=245, baseline=803
  Avg game length: 300 moves

vs heuristic:
  Game 1: winner=draw, moves=300, time=22.2s, a_score=357, b_score=1097
  Game 2: winner=draw, moves=300, time=22.1s, a_score=357, b_score=1097
  Game 3: winner=draw, moves=300, time=22.4s, a_score=357, b_score=1097
  Game 4: winner=draw, moves=300, time=23.1s, a_score=357, b_score=1097
  Game 5: winner=draw, moves=300, time=21.9s, a_score=471, b_score=1097
  Game 6: winner=draw, moves=300, time=22.1s, a_score=357, b_score=1097
  Game 7: winner=draw, moves=300, time=22.9s, a_score=357, b_score=1097
  Game 8: winner=draw, moves=300, time=22.0s, a_score=357, b_score=1097
  Game 9: winner=draw, moves=300, time=21.9s, a_score=357, b_score=1097
  Game 10: winner=draw, moves=300, time=22.1s, a_score=357, b_score=1097
  Win rate: 0% (0W / 0L / 10D)
  Avg score: agent=368, baseline=1097
  Avg game length: 300 moves
