Auto-detected CUDA GPU: Tesla V100-SXM3-32GB
Model: 7,188,477 parameters, device: cuda
Resumed from iteration 30
  Opponent: mixed pool (3 agents, sampled per iteration)
  Policy FROZEN: training 38,659/7,188,477 params (value head only)
Starting training: 30 iterations
  Run: run_20260425_085340 -> checkpoints/run_20260425_085340
  Self-play: 60 games/iter, 2 players
  Training: batch=256, epochs=10
  MCTS: enabled (20 sims)
  Logs: logs/run_20260425_085340

Iter    1 | buf=  9000 | sp=572.0s | train=1.1s | p_loss=0.9669 | v_loss=1.4281 | lr=2.99e-04 | new_exp=9000
Iter    2 | buf= 18000 | sp=571.0s | train=0.3s | p_loss=1.1184 | v_loss=1.6679 | lr=2.97e-04 | new_exp=9000
Iter    3 | buf= 27000 | sp=611.7s | train=0.3s | p_loss=0.8659 | v_loss=0.9476 | lr=2.93e-04 | new_exp=9000
Iter    4 | buf= 36000 | sp=605.4s | train=0.3s | p_loss=0.8512 | v_loss=0.5390 | lr=2.87e-04 | new_exp=9000
Iter    5 | buf= 45000 | sp=606.6s | train=0.3s | p_loss=0.9345 | v_loss=0.4907 | lr=2.81e-04 | new_exp=9000
  EVAL: {'random': {'win_rate': 0.0, 'avg_score': 942.3, 'avg_game_length': 300.0, 'avg_game_time': 10.17, 'wins': 0, 'losses': 0, 'draws': 10, 'num_games': 10}, 'greedy': {'win_rate': 0.0, 'avg_score': 1098.0, 'avg_game_length': 300.0, 'avg_game_time': 10.78, 'wins': 0, 'losses': 0, 'draws': 10, 'num_games': 10}, 'heuristic': {'win_rate': 0.0, 'avg_score': 377.8, 'avg_game_length': 300.0, 'avg_game_time': 10.24, 'wins': 0, 'losses': 0, 'draws': 10, 'num_games': 10}, 'avg_score': 806.0}
  Checkpoint saved: checkpoints/run_20260425_085340/model_best.pt
  NEW BEST model (score=806.0)
  Checkpoint saved: checkpoints/run_20260425_085340/model_iter_00005.pt
Iter    6 | buf= 54000 | sp=610.0s | train=0.3s | p_loss=1.0164 | v_loss=0.4142 | lr=2.72e-04 | new_exp=9000
Iter    7 | buf= 63000 | sp=618.3s | train=0.4s | p_loss=1.0027 | v_loss=0.3856 | lr=2.63e-04 | new_exp=9000
Iter    8 | buf= 72000 | sp=622.1s | train=0.4s | p_loss=0.9453 | v_loss=0.3790 | lr=2.52e-04 | new_exp=9000
Iter    9 | buf= 81000 | sp=621.6s | train=0.4s | p_loss=0.9725 | v_loss=0.3513 | lr=2.40e-04 | new_exp=9000
Iter   10 | buf= 90000 | sp=603.5s | train=0.4s | p_loss=1.0241 | v_loss=0.3304 | lr=2.27e-04 | new_exp=9000
  EVAL: {'random': {'win_rate': 0.0, 'avg_score': 895.8, 'avg_game_length': 300.0, 'avg_game_time': 9.95, 'wins': 0, 'losses': 0, 'draws': 10, 'num_games': 10}, 'greedy': {'win_rate': 0.0, 'avg_score': 1098.0, 'avg_game_length': 300.0, 'avg_game_time': 10.7, 'wins': 0, 'losses': 0, 'draws': 10, 'num_games': 10}, 'heuristic': {'win_rate': 0.0, 'avg_score': 410.0, 'avg_game_length': 300.0, 'avg_game_time': 9.76, 'wins': 0, 'losses': 0, 'draws': 10, 'num_games': 10}, 'avg_score': 801.3}
  Checkpoint saved: checkpoints/run_20260425_085340/model_iter_00010.pt
Iter   11 | buf= 99000 | sp=603.4s | train=0.4s | p_loss=1.0269 | v_loss=0.3185 | lr=2.14e-04 | new_exp=9000
Iter   12 | buf=108000 | sp=620.9s | train=0.4s | p_loss=1.0695 | v_loss=0.3084 | lr=2.00e-04 | new_exp=9000
Iter   13 | buf=117000 | sp=613.5s | train=0.4s | p_loss=1.1388 | v_loss=0.2831 | lr=1.85e-04 | new_exp=9000
Iter   14 | buf=126000 | sp=614.8s | train=0.4s | p_loss=1.1931 | v_loss=0.2763 | lr=1.70e-04 | new_exp=9000
Iter   15 | buf=135000 | sp=597.6s | train=0.4s | p_loss=1.1927 | v_loss=0.2670 | lr=1.55e-04 | new_exp=9000
  EVAL: {'random': {'win_rate': 0.0, 'avg_score': 878.9, 'avg_game_length': 300.0, 'avg_game_time': 10.06, 'wins': 0, 'losses': 0, 'draws': 10, 'num_games': 10}, 'greedy': {'win_rate': 0.0, 'avg_score': 1098.0, 'avg_game_length': 300.0, 'avg_game_time': 10.72, 'wins': 0, 'losses': 0, 'draws': 10, 'num_games': 10}, 'heuristic': {'win_rate': 0.0, 'avg_score': 361.9, 'avg_game_length': 300.0, 'avg_game_time': 9.82, 'wins': 0, 'losses': 0, 'draws': 10, 'num_games': 10}, 'avg_score': 779.6}
  Checkpoint saved: checkpoints/run_20260425_085340/model_iter_00015.pt
Iter   16 | buf=144000 | sp=610.8s | train=0.4s | p_loss=1.1675 | v_loss=0.2568 | lr=1.40e-04 | new_exp=9000
Iter   17 | buf=153000 | sp=593.9s | train=0.4s | p_loss=1.2475 | v_loss=0.2572 | lr=1.25e-04 | new_exp=9000
Iter   18 | buf=162000 | sp=612.4s | train=0.4s | p_loss=1.2571 | v_loss=0.2584 | lr=1.10e-04 | new_exp=9000
Iter   19 | buf=171000 | sp=565.0s | train=0.4s | p_loss=1.4792 | v_loss=0.2483 | lr=9.60e-05 | new_exp=9000
Iter   20 | buf=180000 | sp=606.3s | train=0.4s | p_loss=1.5340 | v_loss=0.2381 | lr=8.25e-05 | new_exp=9000
  EVAL: {'random': {'win_rate': 0.0, 'avg_score': 920.2, 'avg_game_length': 300.0, 'avg_game_time': 10.13, 'wins': 0, 'losses': 0, 'draws': 10, 'num_games': 10}, 'greedy': {'win_rate': 0.0, 'avg_score': 1098.0, 'avg_game_length': 300.0, 'avg_game_time': 10.67, 'wins': 0, 'losses': 0, 'draws': 10, 'num_games': 10}, 'heuristic': {'win_rate': 0.0, 'avg_score': 379.4, 'avg_game_length': 300.0, 'avg_game_time': 9.6, 'wins': 0, 'losses': 0, 'draws': 10, 'num_games': 10}, 'avg_score': 799.2}
  Checkpoint saved: checkpoints/run_20260425_085340/model_iter_00020.pt
Iter   21 | buf=189000 | sp=617.6s | train=0.4s | p_loss=1.4643 | v_loss=0.2473 | lr=6.98e-05 | new_exp=9000
Iter   22 | buf=198000 | sp=600.3s | train=0.4s | p_loss=1.5040 | v_loss=0.2386 | lr=5.80e-05 | new_exp=9000
Iter   23 | buf=200000 | sp=600.8s | train=0.4s | p_loss=1.4916 | v_loss=0.2333 | lr=4.72e-05 | new_exp=9000
Iter   24 | buf=200000 | sp=605.2s | train=0.4s | p_loss=1.5393 | v_loss=0.2330 | lr=3.77e-05 | new_exp=9000
Iter   25 | buf=200000 | sp=571.6s | train=0.4s | p_loss=1.7406 | v_loss=0.2318 | lr=2.94e-05 | new_exp=9000
  EVAL: {'random': {'win_rate': 0.0, 'avg_score': 954.5, 'avg_game_length': 300.0, 'avg_game_time': 10.21, 'wins': 0, 'losses': 0, 'draws': 10, 'num_games': 10}, 'greedy': {'win_rate': 0.0, 'avg_score': 1098.0, 'avg_game_length': 300.0, 'avg_game_time': 10.85, 'wins': 0, 'losses': 0, 'draws': 10, 'num_games': 10}, 'heuristic': {'win_rate': 0.0, 'avg_score': 329.8, 'avg_game_length': 300.0, 'avg_game_time': 9.56, 'wins': 0, 'losses': 0, 'draws': 10, 'num_games': 10}, 'avg_score': 794.1}
  Checkpoint saved: checkpoints/run_20260425_085340/model_iter_00025.pt
Iter   26 | buf=200000 | sp=557.9s | train=0.4s | p_loss=2.0323 | v_loss=0.2247 | lr=2.25e-05 | new_exp=9000
Iter   27 | buf=200000 | sp=617.0s | train=0.4s | p_loss=2.0248 | v_loss=0.2192 | lr=1.71e-05 | new_exp=9000
Iter   28 | buf=200000 | sp=607.3s | train=0.4s | p_loss=1.9834 | v_loss=0.2225 | lr=1.32e-05 | new_exp=9000
Iter   29 | buf=200000 | sp=600.2s | train=0.4s | p_loss=2.0823 | v_loss=0.2200 | lr=1.08e-05 | new_exp=9000
Iter   30 | buf=200000 | sp=607.1s | train=0.4s | p_loss=2.1176 | v_loss=0.2238 | lr=1.00e-05 | new_exp=9000
  EVAL: {'random': {'win_rate': 0.0, 'avg_score': 889.2, 'avg_game_length': 300.0, 'avg_game_time': 10.24, 'wins': 0, 'losses': 0, 'draws': 10, 'num_games': 10}, 'greedy': {'win_rate': 0.0, 'avg_score': 1098.0, 'avg_game_length': 300.0, 'avg_game_time': 11.1, 'wins': 0, 'losses': 0, 'draws': 10, 'num_games': 10}, 'heuristic': {'win_rate': 0.0, 'avg_score': 316.7, 'avg_game_length': 300.0, 'avg_game_time': 9.73, 'wins': 0, 'losses': 0, 'draws': 10, 'num_games': 10}, 'avg_score': 768.0}
  Checkpoint saved: checkpoints/run_20260425_085340/model_iter_00030.pt
  Checkpoint saved: checkpoints/run_20260425_085340/model_final.pt

=== Final Evaluation ===

vs random:
  Game 1: winner=draw, moves=300, time=25.5s, a_score=996, b_score=230
  Game 2: winner=draw, moves=300, time=26.4s, a_score=889, b_score=229
  Game 3: winner=draw, moves=300, time=26.3s, a_score=996, b_score=246
  Game 4: winner=draw, moves=300, time=24.6s, a_score=997, b_score=243
  Game 5: winner=draw, moves=300, time=25.4s, a_score=1098, b_score=223
  Game 6: winner=draw, moves=300, time=25.5s, a_score=890, b_score=234
  Game 7: winner=draw, moves=300, time=25.3s, a_score=781, b_score=228
  Game 8: winner=draw, moves=300, time=25.1s, a_score=997, b_score=232
  Game 9: winner=draw, moves=300, time=24.9s, a_score=895, b_score=233
  Game 10: winner=draw, moves=300, time=26.0s, a_score=1098, b_score=234
  Win rate: 0% (0W / 0L / 10D)
  Avg score: agent=964, baseline=233
  Avg game length: 300 moves

vs greedy:
  Game 1: winner=draw, moves=300, time=31.1s, a_score=1098, b_score=1098
  Game 2: winner=draw, moves=300, time=31.1s, a_score=1098, b_score=1098
  Game 3: winner=draw, moves=300, time=31.1s, a_score=1098, b_score=1098
  Game 4: winner=draw, moves=300, time=31.9s, a_score=1098, b_score=1098
  Game 5: winner=draw, moves=300, time=32.5s, a_score=1098, b_score=1098
  Game 6: winner=draw, moves=300, time=32.2s, a_score=1098, b_score=1098
  Game 7: winner=draw, moves=300, time=32.9s, a_score=1098, b_score=1098
  Game 8: winner=draw, moves=300, time=33.8s, a_score=1098, b_score=1098
  Game 9: winner=draw, moves=300, time=32.4s, a_score=1098, b_score=1098
  Game 10: winner=draw, moves=300, time=31.3s, a_score=1098, b_score=1098
  Win rate: 0% (0W / 0L / 10D)
  Avg score: agent=1098, baseline=1098
  Avg game length: 300 moves

vs heuristic:
  Game 1: winner=draw, moves=300, time=22.5s, a_score=360, b_score=1097
  Game 2: winner=draw, moves=300, time=23.2s, a_score=359, b_score=1097
  Game 3: winner=draw, moves=300, time=22.3s, a_score=259, b_score=1097
  Game 4: winner=draw, moves=300, time=22.4s, a_score=360, b_score=1097
  Game 5: winner=draw, moves=300, time=22.2s, a_score=354, b_score=1097
  Game 6: winner=draw, moves=300, time=23.2s, a_score=459, b_score=1097
  Game 7: winner=draw, moves=300, time=22.3s, a_score=360, b_score=1097
  Game 8: winner=draw, moves=300, time=22.3s, a_score=360, b_score=1097
  Game 9: winner=draw, moves=300, time=22.2s, a_score=459, b_score=1097
  Game 10: winner=draw, moves=300, time=22.8s, a_score=360, b_score=1097
  Win rate: 0% (0W / 0L / 10D)
  Avg score: agent=369, baseline=1097
  Avg game length: 300 moves
