Auto-detected CUDA GPU: Tesla V100-SXM3-32GB
Model: 7,188,477 parameters, device: cuda
Resumed from iteration 30
  Opponent: mixed pool (3 agents, sampled per iteration)
Starting training: 30 iterations
  Run: run_20260423_121821 -> checkpoints/run_20260423_121821
  Self-play: 60 games/iter, 2 players
  Training: batch=256, epochs=10
  MCTS: enabled (20 sims)
  Logs: logs/run_20260423_121821

Iter    1 | buf=  9000 | sp=555.6s | train=1.6s | p_loss=0.9583 | v_loss=2.1491 | lr=2.99e-04 | new_exp=9000
Iter    2 | buf= 18000 | sp=545.5s | train=0.8s | p_loss=0.5355 | v_loss=1.1469 | lr=2.97e-04 | new_exp=9000
Iter    3 | buf= 27000 | sp=589.2s | train=0.8s | p_loss=0.4187 | v_loss=0.6025 | lr=2.93e-04 | new_exp=9000
Iter    4 | buf= 36000 | sp=556.6s | train=0.8s | p_loss=0.9149 | v_loss=0.3571 | lr=2.87e-04 | new_exp=9000
Iter    5 | buf= 45000 | sp=521.5s | train=0.8s | p_loss=1.4827 | v_loss=0.2516 | lr=2.81e-04 | new_exp=9000
  EVAL: {'random': {'win_rate': 0.0, 'avg_score': 282.7, 'avg_game_length': 300.0, 'avg_game_time': 8.82, 'wins': 0, 'losses': 0, 'draws': 10, 'num_games': 10}, 'greedy': {'win_rate': 0.0, 'avg_score': 269.6, 'avg_game_length': 300.0, 'avg_game_time': 8.51, 'wins': 0, 'losses': 0, 'draws': 10, 'num_games': 10}, 'heuristic': {'win_rate': 0.0, 'avg_score': 249.5, 'avg_game_length': 300.0, 'avg_game_time': 8.61, 'wins': 0, 'losses': 0, 'draws': 10, 'num_games': 10}, 'avg_score': 267.3}
  Checkpoint saved: checkpoints/run_20260423_121821/model_best.pt
  NEW BEST model (score=267.3)
  Checkpoint saved: checkpoints/run_20260423_121821/model_iter_00005.pt
Iter    6 | buf= 54000 | sp=518.2s | train=0.8s | p_loss=1.6218 | v_loss=0.2079 | lr=2.72e-04 | new_exp=9000
Iter    7 | buf= 63000 | sp=519.2s | train=0.8s | p_loss=1.8376 | v_loss=0.1587 | lr=2.63e-04 | new_exp=9000
Iter    8 | buf= 72000 | sp=592.4s | train=0.8s | p_loss=1.7598 | v_loss=0.1544 | lr=2.52e-04 | new_exp=9000
Iter    9 | buf= 81000 | sp=523.4s | train=0.8s | p_loss=1.8824 | v_loss=0.1446 | lr=2.40e-04 | new_exp=9000
Iter   10 | buf= 90000 | sp=539.1s | train=0.8s | p_loss=1.8643 | v_loss=0.1552 | lr=2.27e-04 | new_exp=9000
  EVAL: {'random': {'win_rate': 0.0, 'avg_score': 802.2, 'avg_game_length': 300.0, 'avg_game_time': 9.5, 'wins': 0, 'losses': 0, 'draws': 10, 'num_games': 10}, 'greedy': {'win_rate': 0.0, 'avg_score': 1098.0, 'avg_game_length': 300.0, 'avg_game_time': 9.71, 'wins': 0, 'losses': 0, 'draws': 10, 'num_games': 10}, 'heuristic': {'win_rate': 0.0, 'avg_score': 473.2, 'avg_game_length': 300.0, 'avg_game_time': 10.24, 'wins': 0, 'losses': 0, 'draws': 10, 'num_games': 10}, 'avg_score': 791.1}
  Checkpoint saved: checkpoints/run_20260423_121821/model_best.pt
  NEW BEST model (score=791.1)
  Checkpoint saved: checkpoints/run_20260423_121821/model_iter_00010.pt
Iter   11 | buf= 99000 | sp=554.0s | train=0.8s | p_loss=1.9017 | v_loss=0.1411 | lr=2.14e-04 | new_exp=9000
Iter   12 | buf=108000 | sp=519.4s | train=0.8s | p_loss=1.9994 | v_loss=0.1228 | lr=2.00e-04 | new_exp=9000
Iter   13 | buf=117000 | sp=565.5s | train=0.8s | p_loss=1.9753 | v_loss=0.1376 | lr=1.85e-04 | new_exp=9000
Iter   14 | buf=126000 | sp=522.9s | train=0.8s | p_loss=1.9863 | v_loss=0.1145 | lr=1.70e-04 | new_exp=9000
Iter   15 | buf=135000 | sp=579.1s | train=0.8s | p_loss=1.9361 | v_loss=0.1147 | lr=1.55e-04 | new_exp=9000
  EVAL: {'random': {'win_rate': 0.0, 'avg_score': 513.8, 'avg_game_length': 300.0, 'avg_game_time': 9.03, 'wins': 0, 'losses': 0, 'draws': 10, 'num_games': 10}, 'greedy': {'win_rate': 0.0, 'avg_score': 429.5, 'avg_game_length': 300.0, 'avg_game_time': 8.86, 'wins': 0, 'losses': 0, 'draws': 10, 'num_games': 10}, 'heuristic': {'win_rate': 0.0, 'avg_score': 514.9, 'avg_game_length': 300.0, 'avg_game_time': 9.24, 'wins': 0, 'losses': 0, 'draws': 10, 'num_games': 10}, 'avg_score': 486.1}
  Checkpoint saved: checkpoints/run_20260423_121821/model_iter_00015.pt
Iter   16 | buf=144000 | sp=537.8s | train=0.8s | p_loss=2.0375 | v_loss=0.1228 | lr=1.40e-04 | new_exp=9000
Iter   17 | buf=153000 | sp=562.8s | train=0.8s | p_loss=2.0461 | v_loss=0.1178 | lr=1.25e-04 | new_exp=9000
Iter   18 | buf=162000 | sp=525.0s | train=0.9s | p_loss=2.0521 | v_loss=0.0941 | lr=1.10e-04 | new_exp=9000
Iter   19 | buf=171000 | sp=558.7s | train=0.8s | p_loss=2.0960 | v_loss=0.1168 | lr=9.60e-05 | new_exp=9000
Iter   20 | buf=180000 | sp=515.2s | train=0.9s | p_loss=2.0830 | v_loss=0.1135 | lr=8.25e-05 | new_exp=9000
  EVAL: {'random': {'win_rate': 0.0, 'avg_score': 697.8, 'avg_game_length': 300.0, 'avg_game_time': 9.36, 'wins': 0, 'losses': 0, 'draws': 10, 'num_games': 10}, 'greedy': {'win_rate': 0.0, 'avg_score': 1098.0, 'avg_game_length': 300.0, 'avg_game_time': 9.62, 'wins': 0, 'losses': 0, 'draws': 10, 'num_games': 10}, 'heuristic': {'win_rate': 0.0, 'avg_score': 440.7, 'avg_game_length': 300.0, 'avg_game_time': 9.79, 'wins': 0, 'losses': 0, 'draws': 10, 'num_games': 10}, 'avg_score': 745.5}
  Checkpoint saved: checkpoints/run_20260423_121821/model_iter_00020.pt
Iter   21 | buf=189000 | sp=520.0s | train=0.9s | p_loss=2.1170 | v_loss=0.1097 | lr=6.98e-05 | new_exp=9000
Iter   22 | buf=198000 | sp=531.7s | train=0.9s | p_loss=2.1609 | v_loss=0.1060 | lr=5.80e-05 | new_exp=9000
Iter   23 | buf=200000 | sp=545.2s | train=0.9s | p_loss=2.1979 | v_loss=0.1067 | lr=4.72e-05 | new_exp=9000
Iter   24 | buf=200000 | sp=544.9s | train=0.9s | p_loss=2.2616 | v_loss=0.1042 | lr=3.77e-05 | new_exp=9000
Iter   25 | buf=200000 | sp=522.0s | train=0.9s | p_loss=2.3759 | v_loss=0.0960 | lr=2.94e-05 | new_exp=9000
  EVAL: {'random': {'win_rate': 0.0, 'avg_score': 538.6, 'avg_game_length': 300.0, 'avg_game_time': 9.15, 'wins': 0, 'losses': 0, 'draws': 10, 'num_games': 10}, 'greedy': {'win_rate': 0.0, 'avg_score': 1098.0, 'avg_game_length': 300.0, 'avg_game_time': 10.27, 'wins': 0, 'losses': 0, 'draws': 10, 'num_games': 10}, 'heuristic': {'win_rate': 0.0, 'avg_score': 524.2, 'avg_game_length': 300.0, 'avg_game_time': 9.38, 'wins': 0, 'losses': 0, 'draws': 10, 'num_games': 10}, 'avg_score': 720.3}
  Checkpoint saved: checkpoints/run_20260423_121821/model_iter_00025.pt
Iter   26 | buf=200000 | sp=522.3s | train=0.9s | p_loss=2.4345 | v_loss=0.0944 | lr=2.25e-05 | new_exp=9000
Iter   27 | buf=200000 | sp=549.2s | train=0.9s | p_loss=2.4457 | v_loss=0.0895 | lr=1.71e-05 | new_exp=9000
Iter   28 | buf=200000 | sp=533.2s | train=0.9s | p_loss=2.4354 | v_loss=0.0848 | lr=1.32e-05 | new_exp=9000
Iter   29 | buf=200000 | sp=549.6s | train=0.9s | p_loss=2.4424 | v_loss=0.0917 | lr=1.08e-05 | new_exp=9000
Iter   30 | buf=200000 | sp=531.0s | train=0.9s | p_loss=2.5183 | v_loss=0.0939 | lr=1.00e-05 | new_exp=9000
  EVAL: {'random': {'win_rate': 0.0, 'avg_score': 436.0, 'avg_game_length': 300.0, 'avg_game_time': 9.35, 'wins': 0, 'losses': 0, 'draws': 10, 'num_games': 10}, 'greedy': {'win_rate': 0.0, 'avg_score': 1098.0, 'avg_game_length': 300.0, 'avg_game_time': 9.95, 'wins': 0, 'losses': 0, 'draws': 10, 'num_games': 10}, 'heuristic': {'win_rate': 0.0, 'avg_score': 315.0, 'avg_game_length': 300.0, 'avg_game_time': 9.42, 'wins': 0, 'losses': 0, 'draws': 10, 'num_games': 10}, 'avg_score': 616.3}
  Checkpoint saved: checkpoints/run_20260423_121821/model_iter_00030.pt
  Checkpoint saved: checkpoints/run_20260423_121821/model_final.pt

=== Final Evaluation ===

vs random:
  Game 1: winner=draw, moves=300, time=23.1s, a_score=894, b_score=232
  Game 2: winner=draw, moves=300, time=22.8s, a_score=445, b_score=228
  Game 3: winner=draw, moves=300, time=22.3s, a_score=993, b_score=237
  Game 4: winner=draw, moves=300, time=22.4s, a_score=327, b_score=221
  Game 5: winner=draw, moves=300, time=22.5s, a_score=889, b_score=232
  Game 6: winner=draw, moves=300, time=23.1s, a_score=682, b_score=248
  Game 7: winner=draw, moves=300, time=21.9s, a_score=226, b_score=244
  Game 8: winner=draw, moves=300, time=21.3s, a_score=341, b_score=225
  Game 9: winner=draw, moves=300, time=23.5s, a_score=548, b_score=227
  Game 10: winner=draw, moves=300, time=22.8s, a_score=669, b_score=227
  Win rate: 0% (0W / 0L / 10D)
  Avg score: agent=601, baseline=232
  Avg game length: 300 moves

vs greedy:
  Game 1: winner=draw, moves=300, time=24.0s, a_score=1098, b_score=1098
  Game 2: winner=draw, moves=300, time=23.2s, a_score=1098, b_score=1098
  Game 3: winner=draw, moves=300, time=23.2s, a_score=1098, b_score=1098
  Game 4: winner=draw, moves=300, time=23.2s, a_score=1098, b_score=1098
  Game 5: winner=draw, moves=300, time=23.4s, a_score=1098, b_score=1098
  Game 6: winner=draw, moves=300, time=24.2s, a_score=1098, b_score=1098
  Game 7: winner=draw, moves=300, time=23.4s, a_score=1098, b_score=1098
  Game 8: winner=draw, moves=300, time=23.5s, a_score=1098, b_score=1098
  Game 9: winner=draw, moves=300, time=23.1s, a_score=1098, b_score=1098
  Game 10: winner=draw, moves=300, time=24.0s, a_score=1098, b_score=1098
  Win rate: 0% (0W / 0L / 10D)
  Avg score: agent=1098, baseline=1098
  Avg game length: 300 moves

vs heuristic:
  Game 1: winner=draw, moves=300, time=23.1s, a_score=471, b_score=1097
  Game 2: winner=draw, moves=300, time=26.4s, a_score=474, b_score=1097
  Game 3: winner=draw, moves=300, time=23.8s, a_score=471, b_score=1097
  Game 4: winner=draw, moves=300, time=26.2s, a_score=474, b_score=1097
  Game 5: winner=draw, moves=300, time=22.8s, a_score=471, b_score=1097
  Game 6: winner=draw, moves=300, time=27.4s, a_score=474, b_score=1097
  Game 7: winner=draw, moves=300, time=21.8s, a_score=349, b_score=997
  Game 8: winner=draw, moves=300, time=22.9s, a_score=471, b_score=1097
  Game 9: winner=draw, moves=300, time=22.7s, a_score=471, b_score=1097
  Game 10: winner=draw, moves=300, time=27.3s, a_score=474, b_score=1097
  Win rate: 0% (0W / 0L / 10D)
  Avg score: agent=460, baseline=1087
  Avg game length: 300 moves
